[Baileys] Servidor corriendo en http://localhost:3015
[Baileys] Endpoints:
  GET  /api/status    - Estado de conexión
  GET  /api/qr        - QR para escanear
  POST /api/send      - Enviar mensaje
  GET  /api/messages  - Mensajes recibidos
▄▄▄▄▄▄▄▄▄▄▄▄▄▄▄▄▄▄▄▄▄▄▄▄▄▄▄▄▄▄▄▄▄▄▄▄▄▄▄▄▄▄▄▄▄▄▄▄▄▄▄▄▄▄▄▄▄▄▄▄▄▄▄
█ ▄▄▄▄▄ █▄▀ █ ▀██ ▄  █▀██▄▀▄▀█   ▀██▀█▄██▄ ▄▄ █▀█▀ █  █ ▄▄▄▄▄ █
█ █   █ █ █▄█▀ ▄▄█▀  ███▀█▀█   █  █▄▀▀ ▀▀▄ █ ▄█     ▄ █ █   █ █
█ █▄▄▄█ █▄█ ▀ █▄▄█▄▄ ▄ ▀ █▄▀▄ ▄▄▄ ▀▀▄  ▄▄▀██ █▄▀ ▄  ▄██ █▄▄▄█ █
█▄▄▄▄▄▄▄█▄█ ▀ █ ▀▄█▄▀ █ ▀▄█▄▀ █▄█ █▄▀▄█▄▀ █▄█▄▀▄█▄▀ ▀▄█▄▄▄▄▄▄▄█
█ ▄▄ ▀█▄█ ▀█▄ █▀▄█▀▀ ▀█ ▀▀█▄█▄   ▄▄▄▄█▀█▄  ▀▀▀██ ▀███▄▄▀▀  ▄▀▄█
██▀▄▀▄ ▄  ███ ▄▄█ ███▀▀▀█▀█▀▄▀▀██▄▀▄███ ▄▀▄ █▀▄ █▀█▀▄█▄ ▄█ ▀███
█▄▀█▄▄█▄▄▀ ▄ █▄▀ ▄  ▀▀██▄▄▄▀███ ▀█▀█ ▀▀▄██▄▄██ ▄▄▄▀▀ ▄▄▄▄█▄█▀▀█
█ ██ █▀▄▀▀▀▀█▀ ██▄▀  ▀ ▀▄ ▄▄██▀▄██ ▄ ▄ █ ▀    ███▄▀█ █    ▄▄▄██
██ ▄▀  ▄█▀▀█▀██▄▄▀▀█ █▄  ▀ ▄█▀ ██   ▄▀▄▄ ▀ ▄█▄  ▀██▄▀ ▀█▄ ▀  ▀█
█ ▄▄   ▄▀▄ ▀▀▀██████▄ ▄██▀▀█▀███ ▀  ▄▄ ▄  █▄ ▀█▄███ ▀▀▀█▀▀ ▄▄▄█
█▀ ▄▄▄▄▄  ▀  ██▄▄▄ █▀██ ▀ █▀▄█▄▄███▀ ▀ ▄▀▄ ▀▀▀▄█ ▀▄▄▄█▀▀▀▀██▀██
██ ▀▀▀ ▄▄ █  ▀▀█▀ █ ▀█▀████▄▄ ▄▄▄▄▀█  ▀▄▄▄▀█  ▄█ ▀▄▀█▄   ▀▀▀███
█▀ █▄▀▄▄   ▄▀▄   ▄ █▄▀▀▀██▀▀▀▄ ██▀ █▀▄▀ ███▄▄█▀██▄  █▄▄████▄▀▀█
██▀▀▄██▄ █▄ █ █▄█▀▄▀██  ▀▀▀▀█  ▀█ ██ ▀▄▄▀▄▄██▄▀ █ ▀▄    ▄▄▄█ ▀█
█▄▀▄  ▄▄▄ ▀  █▄█▀▀▀█▀█▄▀▀▄▄ ▀ ▄▄▄  ▀ █ ▄▄▀ ▄▄ ▀▀██▄█  ▄▄▄ ▀▀█▀█
█▄▀ ▀ █▄█ █ ▄ ▀█▀██▄ █ ██▄▄█▀ █▄█ ▀▀▀▄▄▀▄ █▀█ ▄█  ▀█▄ █▄█  █▄ █
██▀ █  ▄▄ █ ▀▄▄██ ▄██▄█▄▄▀ ▀▄▄▄   ▀█▄██▄  ▀▀█▀ █▄▀ █▄  ▄ ▄ ▄  █
█▀▄███▀▄▄██   ▄ ▀▄▀▀▀██ ██ ▄██ █▄█▄  ▀▀█▄█▄▄ ██▄▀▀▀ ▀█▀█  █ ▀██
█▀ ▄▀██▄▄█▀ █ ▄▀ █    ██ █ █  █▄█▄███    ███ █ ▄▀▄▀▀ ▀▄█▀▀▀▄▄ █
█ ▀▀▀▄▀▄█▄█▀▄ ▄▀▄▄▀▀█▀█▄▄▄█ ▀▄▄██▄▄ ▀▄█ ▄█ █▄▀ █  ▄█ ▀▄▀ ▄█▄ ▀█
███ █▄▄▄█▀▀▀███ ▀  ██ ▄▀█▄ █  ▀▀█▀▀▀▄█▄█▄█▀▄▄▄▄▀█▀▄█▀██▀▀█   ██
█ █  ▀▀▄ ▀▄▀ █▀▀▀▄▀ ▀▄▄▄█ ▀█ ███▀▀▄ ▀▄▀▄ ▀█▀█▄█   ▀ ▄▀▄ ▀▀▀██▄█
██▄█  ▄▄ █▀ ▀▀ ▀▄█ ██▄█   ██ █ ▀█▀▄▄▄▄  ▀ █  ▀█▄▄▀ █▀▀ ██▄▄████
█▀▄ ▀▄▀▄ █▄▄▀▀▀▀▄▄▀█ ▀▄▄▄ ▀██    ▄▀ ▀▄▀▄ █▀    █▀▀█▀█▄█▀ █  ▄▀█
█▄█▄▀█▄▄▄▄█▀▄▄ ▄██  ▄ █▄█ ▀█▄▀█ ▄▀▀█▄ ▄ ▀█▄█▄▀▀▄ ▄ ▀▄ ▀█▀▀ █▀▄█
█▀▀ ▄ ▄▄█ ▄█ ▄▀▄ ▄██▀█ █▀▄█▀█ ▄▄ ▄█▀▄██▄▄ ▀ █ ▀▀▄█ ▀▄▄▄█▄▀▄█ ██
█▄▄▄▄██▄█▀  █▄▄▀  █▀▄█ ▀ ▄▄ ▀ ▄▄▄ ▀▄▄██▄▀█ ▄   ▀▀█▄▄▀ ▄▄▄ █   █
█ ▄▄▄▄▄ ██▀ ▀▄█▄█▀ ▀█  ▀▀█▀▀  █▄█ ▄▀▀██▀▄▀██▄█▀ ▄▀▀ ▄ █▄█  █ ▄█
█ █   █ █▀▄▀ ▄█▄▄▄▄ ██▄▄█  █▀  ▄▄  ▄▄█▄▄▄▄▀▀██ ▄██▀██    ▄ ▀▄▀█
█ █▄▄▄█ █ ▄▀ ▄████▄▀ ▄▀█▀▀█ ▀█ █ ▄▄▄ █ █▄▄▄▄▄██▄ ▀▄▀█▀ ▄ ▄▀ ▄██
█▄▄▄▄▄▄▄█▄▄█▄███▄▄█▄█▄██▄▄▄███▄▄▄█▄▄█▄▄█████▄█▄▄█▄█▄██▄█▄▄██▄▄█

[Baileys] QR actualizado - escanea con WhatsApp
▄▄▄▄▄▄▄▄▄▄▄▄▄▄▄▄▄▄▄▄▄▄▄▄▄▄▄▄▄▄▄▄▄▄▄▄▄▄▄▄▄▄▄▄▄▄▄▄▄▄▄▄▄▄▄▄▄▄▄▄▄▄▄
█ ▄▄▄▄▄ █▀▄█▀▀█  █▄    ▄█▄    █  █  ▀█▄  ▀ ▄▄█ ▄█▀ █  █ ▄▄▄▄▄ █
█ █   █ █▄█▄█▄█▄▄█▄█▀▀▀█▄ ▄█ ▀  ▄▄█▄▄▄▄█▀▄█ ▄█▄▄███ ▄ █ █   █ █
█ █▄▄▄█ █ ▀▄▄▄▄  ▀███ ▄▄▀▄██  ▄▄▄ ███▄▀▄ █▄▄ ▄█▀▀█▀ ▄██ █▄▄▄█ █
█▄▄▄▄▄▄▄█ ▀▄▀▄█▄█ █▄▀ ▀▄▀▄█ █ █▄█ ▀ █▄█ █▄█▄█ █ █▄▀▄█ █▄▄▄▄▄▄▄█
█▄ ▀ ▀▀▄ ▀▀█▀█ ▀▄█▄▄█▀█ ▄▄ ▄▀ ▄▄▄▄▄█▀▄▄█▄ █▄▄▀███▄ ██▄▀▄▄ ▀ ▄▀█
█▄ ▄▀ ▀▄▀ ▄█▄▀█ ▀▄  ▄███▄ ▄▀ █ ▄▄  ▀██▄▄ ███▄█ ▄  ▄▀ ▀▀██▀ █▄▄█
█▄▀█▄▀█▄ ▀▀▄ █▄▄█  ▄▀▄  ██▄▄  █ ▀ █▀ ▀▀▀ ▄▄██ █▀▄ ▀█▄ ▄█▄ ▀▀▀▀█
██ ▄ ▀ ▄ ██  ▄██▄▀▄██▀ ▀ ▀█▄██▄▀ █ ██▀██  ███ ██▀ █▄  ███ ▄▄▀ █
█▄▀ █▀▀▄ ███ ▀▄  █ ▄▀▀ ▄▀ ▀▄▀██▄▄▄▄▄█ █ ▄█▀█▄ ▄▄ ▄▄ █▄ ▄█▄█▄▀ █
█▄▄▀██▀▄▀▀█▄▀▄▀▀  ██▄█▄▄█▀▀ █▀██  ██▄ ▄████▄▄ ▄▀████▄▄▀██▄█▀▄▄█
█▄ ▄▄▀▄▄█ ▀ ▄ ▀█▄▄█ ██▄ ▄█ ▀█▄▄ █▀█▀▄▄▀▄▀▄█▄▄▀█▄█▄▀▄▄█▄▄ ███ ▄█
█ ▀██▄▀▄█▄▀▄  █▄█▄▄▀█▀█▀▄▄▄ █▄ █ ▄▀██▀▀▀   ▄▀▄▀▀▀ ██▀ ▀▀▀▄██▄ █
███▄▀▄▄▄ ██▀▀▄█▄█▀ █▄▄▄▄██▀▄▄▄ ▄█▄▄  ▄▀█  █▄▄ ▄ █▄ █ ▀▄██ ▄█  █
█ ▄▀ █ ▄▀█▄  █ ▄█▀ ▀ █  ▄▄███ █▄  ▀ ▄█▀▄█▄▀  ▄▀ ▄█    ▀█▀▄ ██▄█
██ ▄▀ ▄▄▄   ▀▄█▀██▄▄ ▀ █ █▀ █ ▄▄▄ █▄▀▄▀ ▄▀▄▄█▄██▄ ▄▀▄ ▄▄▄ ▄▄▄ █
█▄▀██ █▄█ ▀▄▄ ▀ █▀█▄  █ ▀▀█ ▄ █▄█ █▄▀▄▄▄ ▄▄▀██▀ ▀▀    █▄█ █ ▄ █
█ ▄ █ ▄▄  ▀▀ ▄▀██ ▀  ▄█▄▀▄ ▀▄▄ ▄▄ ▀█▀  ▄  ▄▄ ▀ █▀▄██▀  ▄▄▄ ▄███
███▀▀▀ ▄██▀▄█▄▀██    ▀█▄▄▄▀ ▀▀▀▄█▀ ▄█ ▄▀ ▀████▀▄   ▄█▀  ▀▄▀▄ ▄█
██▄▀▄▄▀▄▄█▄█▀▀ ██   ▀██▄ █  ▀██▄█▀   ▄ ▄█ ███ █▀▀▄▀▄█▄▄█▀▄▄▀  █
█ ▄▀▀▀█▄█ █▀ ▄█▄▄▄▄▄▀▀█▄▀▀  █▄▄█▄▄▄ ▄▀▀▀▄██  ▀▀███▀█ ▀▀▄█▄█▄▀▄█
█▄▄▄▄▀▄▄▄███▄▄▄▄█▄▀▄▄▄ █▄█▀▀▀▀  █▀███▄█▀ ▀ ██  █▄ █▀█▀▄ ▀▀▄▄▀██
█ ██ ▀▀▄ ▄▀▄ █▀▄▄▀▀ ▀▀▀▀█ ▄▀█▀▀█ ▄█▀▀▄▀▀▀▄▀██▀ █ ▄██▀▄▄ ▄▄█▀█▄█
█ ▀▀  ▀▄███ ▄▄█▀ █▀  ▄█ ▄▄ █▀█▀ ▄███▀▀█   ███▀█▄▀ ▄█▀▀█  ▄██  █
█ ███  ▄▀▀█▀   █ ▄ ▄▀█   █▄▄▀▄▀▀▀ ██ █  █▀▀ ▀▄▄▀▀ █▄▀ ▄ ▀▀▄▄█ █
█▄█▀▄ ▄▄ ▀▄█▀█ ▀    ▄█ ▀█ ▀ ▀▄█ ▄▄▄ ▄ ▄█▄ ▄█▄▄▄▀ ▄ ▄▀█▀▄▀▄█ ▀▄█
█▀▀ ▄ ▄▄▄ ▄██ ▀▀ ▄  ▄█▀ ▄▀ ▀█ ▀▀█▄█▀▀▄▄▄▄ ▄█▄ ▀▀▀ █▀█▄▀ ▀▀▄██ █
█▄▄▄▄██▄▄ ▄▄▄▀▄█▄▄▄ ▄ █▀▀██▄▀ ▄▄▄ █  ▄▄▀█▀▀█ ▄██ ▄█ █ ▄▄▄ ▀▄███
█ ▄▄▄▄▄ █▄▄█▀█▄  ▄ ▀█▄█▄▀█▀▄▄ █▄█ █▄▀███▀▄██▄▀██▄▀▀█▀ █▄█ █ ▄ █
█ █   █ █▀▄▀█▀▄▄▄▄▀█ █▄▄ ███▀▄▄   ██▀ ▀▄▄▄▄▄ █ ▄  ▄██ ▄▄▄▄▄█ ▄█
█ █▄▄▄█ █▀▀▀▀█▄▀▀▀  ▀ █▀   ▄▀ █ ▀▄▄ ▀▄▀▀ ▄▀██▀▀ ▀▄▀▀▀█▀█▀ ▄▄█▄█
█▄▄▄▄▄▄▄█▄█▄▄██▄█▄▄▄██▄▄█▄▄▄▄▄▄▄▄▄█▄█▄▄▄▄▄▄█▄▄██▄▄█▄▄▄▄█▄█▄█▄▄█

[Baileys] QR actualizado - escanea con WhatsApp
▄▄▄▄▄▄▄▄▄▄▄▄▄▄▄▄▄▄▄▄▄▄▄▄▄▄▄▄▄▄▄▄▄▄▄▄▄▄▄▄▄▄▄▄▄▄▄▄▄▄▄▄▄▄▄▄▄▄▄▄▄▄▄
█ ▄▄▄▄▄ █▄▀▀ ▄█▀█ ▄  ████▄ ▄█▀█▄▀ ██▀█▄██▄ ▄▄ █▀█▀ █  █ ▄▄▄▄▄ █
█ █   █ █ █▄ ▀▀▄▄█▀ ▄▀ ▄▀█▀██  ▀███▄█ ▀ ▀▄ █▀█      ▄ █ █   █ █
█ █▄▄▄█ █▄█ ▀███▄█▄▄ ▄   █▄▀█ ▄▄▄ ▀▀▀▄▄▄▄▀████▀█ ▄  ▄██ █▄▄▄█ █
█▄▄▄▄▄▄▄█▄█ ▀ █ ▀▄█▄▀ █ ▀▄█▄█ █▄█ █ █ █▄▀ █▄█▄▀▄█▄▀ ▀▄█▄▄▄▄▄▄▄█
█ ▄▄▄▀█▄█ ▀█▄ █▀▄█▀▀ ▀█ ▀▀█▄█▄   ▄▄▄ █▀█▄  ▀▀▀██ ▀███▄▄▀▀  ▄▀▄█
██▀█▀▄ ▄▄  ▀█ ▄▄█ ▀▀█▀▀▀█▀ ▄▄▀▀██▄ █▄██ ▄█▄ █▀▄ ▀▀▀█▄█▄ ▄█▀ ███
█▄▀█ ▄█▄█ █  █▄▀ ██ ▀▀██▄▄▄████ ▀██▄ ▀▀▄ ▀▄▄██ ▄ ▄ ▀▀███▄██▄▀▀█
█ █████▄▀  ██▀ █▄█▀  ▀ ▀  ▄▀██▀▄██ █ ▄ █▀ ▀▀  ████ ███▀   ▄▄▄██
██ ▄▀ ▄▄█▄█▄▀▀█▄▄▀▀█ █▄  ▀▀ █▀▄██▄  ▄▀▄▄ ▀ ▄█▄  ▀██▄▀ ▀█▄ ▀  ▀█
█▀▄▄ ▄ ▄ █ ▀▄ ██████▄  ▄█▀▀█ █▄█ █  ▄     █▄ ▀▀▄███ ▀▀▀█▀█ ▄▄▄█
█ ▄▄▄█ ▄  ▀ █▄▀▀▄▄ █ █  ▀ █▀▀█▄▄ ▀█▀▄▀▄█▀▄ ▀██▄▄ ▀▄▄▄█▀▀█████▀█
█▄ ▀▀▀▀▄▄ █  █▀▀▀ █ █▄▀████▄ ▀▄█ ▄███▀ █▄▄▀█ ▀▄█ ▀▄▀█▄    ▀▀█▀█
█▄█▄█▀▄▄   ▄▀▄▀  ▄ █▄▀▀▀██▀▀█▀ ██ ▀█  ▀ ███▄▄█▀██▄  █▄▄████▄  █
██▀▀███▄ █ ▄█ █▄█▀█ ██  ▀▀█ █  ▀█  █▀ ▄▄█  ██▄▀ ▀▄█▄    ▄▄▄▄ ▀█
█▄▀▄▀ ▄▄▄  █ █▄█▄  ▀▀█▄▀█▄  ▀ ▄▄▄ ▀  █ ▄▀▀▀█▄ ▀▀██ ██ ▄▄▄ ▀▀█▀█
█▄▀▀▀ █▄█ ▄ ▄ ▀█ ▄█▄ █ █▀█▀▄▀ █▄█ ▀▀▀▄▄▀▄▀█ █ ▄█▀▀ ▄█ █▄█  █▄ █
██▀ █  ▄ ▄▀▀▄ ▄██ ▄██▄█▄▄▀██▄▄▄   ▀█▄██▄  ▀▀█▀ █▄▀ █▄ ▄▄ ▄ ▄  █
█▀ ███▀▄▀██ ▀█▄ ▀▄▀▀▀█▀▄██ ▄██ █▄█▄  ▀▀▀▄█▄▄ ██ ▀▀▀  █▀█  █ ▀██
█ █▄▀ ▄▄ ▀▀ █▄▀  █  ▄ ▀█ █ █ ▄█▄█▄██▄▄▀▀ ███ █▀█▀▄▀▀ ▀▄█▀▀▀▄  █
█▄▄▀▀█ ▄ ▀█▀█▄▀▄▄▄▀▀█▀█▄▄▄█ ▀█ ▀▀█ ▄███ ▄█ █▄ ▀▄  ▄█ ▀▄▀ ▄█▄ ██
█▄▄ ▀▀▄▄█▀▀▀███▄▀  ██ ▄▀█▄ █ █▀▀▄█  ██▄█▄█▀▄▄▄▄▀█▀▄█▀██▀▄█  ▀▄█
█ █▄▀▀▄▄ ▀▀  █▀▀▀▄▄▄▀▄▄▄█  ▀ ▄▀█▄  ▄▀▄▀▄▄█▀▀█▄█   ▀ ▄▀▄   ▀▄█▄█
██▄ ▀ ▄▄ █ ▄▀▀ ▀▄█▄▀█▄█   ▀█▀█ ▀ ███▄▄  ▄▄▄▀ ▀█▄▄▀▀█▀▀ ██▄▄████
█▀▄ █▄▀▄ █ ▄▀▀▀▀▄▀▀█ ▀▄▄ █▄██    ▄▀ ▀▄▀▄ ▄▀    █  ▄ ███▀ █  ▄▀█
█▄█▄▀█▄▄▄▀▀ ▄▄ ▄██  ▄ █▄█ ▀█▄▀█ ▄▀▀█▄ ▄ ▀█▄█▄▀▀▄ ▄ ▀ █  ▀▀ █▀▄█
█▀▀ ▄ ▄▄ ▄▄█  ▄▀ ▄██▀█▀█▀▄█▀█ ▄▄ ▄█▀ ██▄▄ ▀ █ ▀█▄█ ▀█▄ █▄▀▄█ ██
█▄▄▄▄██▄█▀   ▀▄   █▀▄▄▄▀ ▄▄ █ ▄▄▄ ▀▄▄███▀█ ▄▀   ▀█▄▄▀ ▄▄▄ █ ▄ █
█ ▄▄▄▄▄ ██▀ ██▄▀█▀ ▀▀▄ ▀▀█▀▀▀ █▄█ ▄▀▀█▄▀▄▀██▄█▀ ▄▀▀ ▄ █▄█  █ ▄█
█ █   █ █▀▄▀ ▄▀ ▄▄▄ ██▄▄█  █▀▄ ▄▄  █▄█▄▄▄▄▀▀██ ▄██▀██    ▄▄██ █
█ █▄▄▄█ █ ▀█ ▄████▄▄ ▄▀█▀▀▀██ ▄█▄ ▄  █ █▄ ▄ ▄██▄▄█▄██▀ ▄ ▄ ▀▄██
█▄▄▄▄▄▄▄█▄█▄▄███▄▄▄▄█▄██▄▄▄███▄▄▄████▄▄████▄▄█▄▄▄▄▄▄██▄█▄▄▄▄▄▄█

[Baileys] QR actualizado - escanea con WhatsApp
▄▄▄▄▄▄▄▄▄▄▄▄▄▄▄▄▄▄▄▄▄▄▄▄▄▄▄▄▄▄▄▄▄▄▄▄▄▄▄▄▄▄▄▄▄▄▄▄▄▄▄▄▄▄▄▄▄▄▄▄▄▄▄
█ ▄▄▄▄▄ █ ▀▀▄ ▄ ▄  ▄█▄ █▀ ███▀█ █▀▄██▀▀▄▄▄▄ ▀▀▄▀▀███  █ ▄▄▄▄▄ █
█ █   █ █ ▄ █▄▀██▀▄▄▀█▄▀▄▀ ██▄ ▀█▄▄ ▄▄▀▀  █▀▄▄ ██▄▀ ▄ █ █   █ █
█ █▄▄▄█ █▀█▄▄▀▄▀▄▀█▀▀ ▀█▀ ██▄ ▄▄▄ ▀█▄▀█▄▄█▄  ▀ ▀▀▀▀ ▄██ █▄▄▄█ █
█▄▄▄▄▄▄▄█▄▀▄▀ █▄█ █▄█ ▀▄▀▄█ █ █▄█ █ ▀ █ █▄█▄█ █ █▄▀▄█ █▄▄▄▄▄▄▄█
█▄▄██ ▄▄▀██▄▄▀▀▄ ▄▀ ▄▄▀▀▀ ▀▀▄▄  ▄ █▄ ▄█  ▀  █▄▀▄  ▀ ▀██▀▄█▄  ▄█
███▀▀█▄▄ █ ▄▀  █ ▀█▀▀ ▄ ▀▀ ▀▀ ██▀██▀▀█▀▀█ ▄▄▀ ▀▀▀▀█ ▀▄   ▄█ ▀██
█ ▄  ▄▀▄▄ ██▄▀▀  █▄▄▄ ▄█▄▀▀▄▄█▀▄▄▄ █▄█▄█ █   ▄▀▄    ▀█  ▀▄▄▄███
█▄▄▀ ▀ ▄ ▀██ █▀█▀ ▄▄▀▀▀█ ▀▀█▄▀▄ ▄█▀▀█ ▀█▀▄█▄▀ ▄▀▀  ▄▄ ██▀ █ ▀▀█
█ ▀ ▀▀▄▄ ▄ ▄▄ ▄ ▄█  ▀▀▄▄▀▄▄▄███ ▄▄ ▄█▄█  █▀▀▄  ▄  ▄ ▀▄  █▄▀▄▀▄█
██▄ ▄  ▄ ▀▄▄█ ▀ ▀ ▄▄▄▄█▀▄ ▀▀▄▀▄██▀▄██▀▄▄▄█▄█▄▀▀█▄▄█▄█▄ ▄▀▀▄▀███
█ █▀ ▄ ▄▄██▀▀ ▀▀ █ ▄▄ ▄▀▀▀▀▄ ▄▄██ ▀ ▀ █▀██  █▄ █   ▀ ▄▀ █ ▀▄█▄█
█▀  ▄ █▄ ▀ ▀█▀▀▄▄▀▀ ▄▀▄▄▀█▀█▀▀█▄ █ ▄▄█▄▄▀████▀▀█▄▀   █▄ █ ▄ █▀█
█▀▄▄█▀ ▄█▀▀▄█ ▀▀▀▄▄▀▀  ▀▀▀▄ ▀██   ▀█ ▄▄▀▄█▀ ▀▄ █▀ █▀▄▄ ▀ ▄ ▄▄▄█
█▀ ▄▀▀ ▄█▀ █ ▄▄▄▄█ ▀▄█▀▄▄█▀█▄▄██▄ █ ▄▄█▄▄ ▀▀▄▄ ▄  ▄▄▀▄█▄█▄▀ ███
█▀  ▄ ▄▄▄   ▀ █▀▀█   ▀▄█ ▀▄▄▀ ▄▄▄  ▄▀ ▀ ▄█  █▄▀█▄ ▄ ▄ ▄▄▄  ▄▄▄█
██▀▀▀ █▄█ ▀ █▀▀▀█ ▄█ ▀▄  ▄ ██ █▄█ ▄▄ █▄█ ██▀█▄   ▀▀▀▀ █▄█ ▄ █▀█
█▄██▀  ▄ ▄▄  █  ▀▀▄▄▀▀▀█▄ ▄▄ ▄▄ ▄▄█▄▄▄▀▀▄▀▀ ▀▄▄▄▄ ▄ █▄  ▄ ▄█ ▀█
█▄▀▄ ▄█▄▄▄ ▀▄▄█▄▄██▀█▄ ▄▀█▄█ ▄▄█ ▄▀▀▄██▄▀▄ ▄ ▄ ▀█▀█▀█▄▄▀▄▀ ▀███
██▀█ ▄ ▄█▀  ▄█▄ ▀█▄▄▄ ▄▀▄▀█▄█▀▀  █▄█ ▄▄▀▀█▀▀█  ▄█ ▄ ▀▀ ▀▄  ▄ ▄█
█▄▄▀ ▄█▄▀▄▄█▄▀███ ▄█▀▀▄ ▀ ▄  █▄▄▄▄▀▄▀ █▀█▀█▀█▀ ▀█▄██▀█▀█▀▄▄ █▀█
███ █▄█▄▄█▀█▄ ▀█▀▄▀ ▄▄▄█▄▀▀▀▀   ▄ ▀██ █▀▄▀ ▀█ ▄█▄▄█▀▀▀▄▄█▀ ▄▀ █
█▀█▄ ▀ ▄ █▄▀▀▄▀██▀▄▄▀  ▀▄▀▀▄ ▀█ ▄▄▀▄ █▀    ▄█ ▀██▀▀▄ ▄█▀▄█▄▀▄██
█▄ ▀▄▀▄▄▄ ▄ ▀ ▄▄ █▄▄▀▀▀▀  ▀▄▄▄ ▄ ▀ ▄▄█▄█ █  ▄▄▀█▄ █ █  ▄▀▀ ██▄█
█▀ ▀ ██▄▄▄█ █▀█ █▄██▄ ▀█▀██▄ ▀▄ ▄██▀█▄███▄▄▀▄▀█▄█▀▀▀▄▀▀▀▄▄█▀ ▀█
█  █ █ ▄ ▄▄▄▄███▄█▄▄▀▀▄▄▀▄▄▄█▀▀▄▀  █ ▄▀▀ █ ▀▀  ▄▄ █ ██▄▄▄ ▀██ █
█▀▀ ▄ ▄▄▄▀█▀▄ ▀█▀  ▀ ██▀▄ ▄▀▄▄▀ ▀▄▄█▀▀ ▄█▄▄▄▄▄ █▀▀▀▀█ ▄▀█▀█▀█▀█
█▄▄▄▄██▄▄▀ ▄▄▄ █ ▄▄▄▄ ▄▀▀▀█▄█ ▄▄▄ ▀ ▀▄  ▀▀▀▀▀ ▄▄  █ ▀ ▄▄▄ █▄███
█ ▄▄▄▄▄ █▀██  ██▀▄▀ ▀█▄▄ ▄▀██ █▄█    █▄▄ ▄▄▄█▀███ ▀▄  █▄█ ▄ ▀██
█ █   █ █▄   █▄█ █▄▀▀  ██▀▄ █▄ ▄ ▄▀▄▄▄ ▀ █▀ ▀ ▄██▄█ ▀   ▄ ▄▄▄ █
█ █▄▄▄█ █▀ ▀▄▄▀▄ ▄ ▄▄█▄▄█▀▄██▄▄█▄█▀ ▄█▄▄██▄▄ ▄ █▄▀▄   ▄▄▄█▄  ██
█▄▄▄▄▄▄▄█▄▄▄▄█▄▄██▄▄▄█▄█▄█▄▄█████▄█▄█▄█▄▄██▄█▄█▄▄▄▄█▄█▄███▄▄▄▄█

[Baileys] QR actualizado - escanea con WhatsApp
▄▄▄▄▄▄▄▄▄▄▄▄▄▄▄▄▄▄▄▄▄▄▄▄▄▄▄▄▄▄▄▄▄▄▄▄▄▄▄▄▄▄▄▄▄▄▄▄▄▄▄▄▄▄▄▄▄▄▄▄▄▄▄
█ ▄▄▄▄▄ █▄▀▀▄▄▀▀█ ▄  █▀██▄▀▄▀█ ▀▀ ██▀█▄██▄ ▄▄ █▀█▀ █  █ ▄▄▄▄▄ █
█ █   █ █ █▄▀▄██▄█▀  █ ▄▀█▀█▀█ █▀ █▄  ██▀▄ █ ▄▄█    ▄ █ █   █ █
█ █▄▄▄█ █▄█  ▀▄█▄█▄▄▄▄   █▄▀▄ ▄▄▄ ▀▀▀▄▄▄▄▀███  █ ▄  ▄██ █▄▄▄█ █
█▄▄▄▄▄▄▄█▄█ █ █ ▀▄█▄▀▄█ ▀▄█▄█ █▄█ ▀▄█ █▄▀ █▄█▄▀▄█▄▀ ▀▄█▄▄▄▄▄▄▄█
█▄  ▄▀█▄█ ▀█▄ █▀▄█▀▀ ▀█ ▀▀█▄▄    ▄▄▄██▀█▄  ▀▀▀██ ▀███▄▄▀▀   ▀▄█
██▀▄ ▄ ▄▄▄███ ▄▄█  ▀█▀▀▀█▀▀ ▄▀▀██▄█▄███ ▄█  █▀▄ █▀██▄█ ▄▄█  ███
█▄▀▀█▄█▄ ▀█▄ █▄▀▀▄  ▀▀████ ▀███ ▀█ █ ▀▀▄▀█▄▄██ ▄▄ ▀  ███▄███▀▀█
█ █ ▄▀█▄  █ █▀ █▀█▀  ▀ ▀▄▄▄▀██▀▄██ ▄ ▄ █      ███▄ █ ▄▀▀  ▄▄▄██
██ ▄▀ ▄▄▀▀ ▄ ▄█▄▄▀▀█ █▄  ▀  █▀ ▀▀▄  ▄▀▄▄ ▀ ▄█▄  ▀██▄▀ ▀█▄ ▀  ▀█
█ ▀▄   ▄▀▄ ▀▀ ▀▄████▄ ▄▄█▀▀█▀█▄█▄▀  ▄▄▄   █▄▄██▄███ ▀▀▀███ ▄▄▄█
█▄ ▄▄█ ▄  ▀ ▀ █ ▄▄ █ █ ▄▀ █▀ ▄█▄▄ █▀ ▀ ▄▀▄ ▀█▀██ ▀▄▄▄█▀▀▀▀███▀█
█▄ ▀▀ ▀▄▄ █ █▄█▄▀ █ ▄▄▀████▄▀  ▄█ ▀█▀▄▀█▄▄▀█  ██ ▀▄▀█▄    ▀▀▀██
█ ▄▄▀▀▄▄   ▄▀▄█▀ ▄ █▄▀▀▀██▀▀█▄▀▄▄▀██▄▄▀ ███▄▄█▀██▄  █▄▄████▄▀ █
██▀▀███▄ ▀▄██ █▄█▀█ ██  ▀▀█▀█  ▀█ ██▀ ▄▄█▄▄▀█▄▀ █▄█     ▄▄▄▄ ▀█
█▄▀▄▀ ▄▄▄  ▄ █▄█▀▀▄▀▀█▄▀▄▄▄▄▀ ▄▄▄ ▀▀ █ ▄ █▀█▄ ▀▀▀███▄ ▄▄▄ ▀ █▀█
█▄▀▄▀ █▄█  █▄ ▀█ ▄█▄ █ █  ▀ ▀ █▄█ ▀ ▀▄▄▀█ ▄ █ ▄█▀ ▀▄█ █▄█  █▄ █
██▀ █  ▄▄▄▀▄██▄██ ▄██▄█▄▄▀█▀▄▄▄   ▀█▄██▄  ▀▀█▀ █▄▀ █▀ ▄▄ ▄ ▄  █
█▄▀███▀▄ ▄█ ▀▄▄ ▀▄▀▀▀█▀ ██ ▄██ █▄█▄ ▄▀█▀▄█▄▄▄▀▀ ▀▀▀  █▀█  █ ▀██
█▄▀▄▀▄█▄█▄▀ ▄█▀▀ █   ▀█▀ █ █▄▀█▄█▄██▄ ▀▀ ███ ▀▀▄▀▄▀▀ ▀▄█▀▀▀▄  █
██ ▀▀ ▀▄▄▀█▀▀ ▄▀▄▄▀▀▀▀█▄▄▄█ ▀▄▄▄▀█  ▄▄█▀▄█ ██▀▀█  ▄█ ▀▄▀ ▄█▄▄██
█▄█▀▄▄▀▄█▀▀▀██▀█▀  ██ ▄▀█▄ █ ▄▀██   ██▄█▄█▀▄▄▄▄▀█▀▄█▀██▀▄▄ ▄▀██
█ █▀  █▄ ▀█▄ █▀▀▀▄▄▀▀▄▄▄█ ▄█ ▀▄█▄ ▄█▀▄▀▄▄▀███▄█  ▄▀ ▄▀▄ █▄▀▄█▄█
██▄▀  ▄▄ █▀▀▀▀ ▀██ ▀█▄█    ▀▀█ ▀██▄▄▄▄  █ ▄  ▀█▄ █ █▀▀ ██▄▄████
█▀▄█ ▄▀▄ █  ▀▀▀▀▄▀▀█ ▀▄▄▄█▄ █    ▄▀▀▀▄▀▄▀▄▀    █▀▀▄ ▀██▀ █  ▄▀█
█▄█▄▀█▄▄ █▄▀▀▄ ▄██  ▄ █▄█ ▀█▄▀█ ▄▀▀█▄ ▄ ▀█▄█▄▀▀▄ ▄ ▀ ▄▀ ▀▀ █▀▄█
█▀▀ ▄ ▄▄▀ ▄█▀██▄ ▄██▀█▄█▀▄█▀█ ▄▄ ▄█▀▄██▄▄ ▀ ▀ ██▄█ ▀█▄ █▄▀▄█ ██
█▄▄▄▄██▄▄▀  ▄ █▀  █▀█▄ █ ▄▄ █ ▄▄▄ ▀▄▄▀█▄▀█ ▄█ ▀ ▀█▄▄▀ ▄▄▄ █ ▄ █
█ ▄▄▄▄▄ ██▀ ▄▄▄ █▀ ▀█▄ ▀▀█▀▀▀ █▄█ ▄▀▀▄█ ▄▀██▄█  ▄▀▀ ▄ █▄█  █  █
█ █   █ █▀▄▀ ▄ █▄▄▄ ██▄▄█  █▀  ▄▄ ██▄█▄▄▄▄▀▀██ ▄██▀██    ▄ ▀█▀█
█ █▄▄▄█ █    ▄████ ▀ ▄▀█▀▀▀█▄█▄█ ▄   █ █▄▄ ▄▄██▄▄█▄██▀ ▄ ▄ ▀▄██
█▄▄▄▄▄▄▄█▄█▄▄████▄▄▄█▄██▄▄▄████▄▄█▄▄█▄▄████▄▄█▄▄▄▄█▄██▄█▄▄▄█▄▄█

[Baileys] QR actualizado - escanea con WhatsApp
▄▄▄▄▄▄▄▄▄▄▄▄▄▄▄▄▄▄▄▄▄▄▄▄▄▄▄▄▄▄▄▄▄▄▄▄▄▄▄▄▄▄▄▄▄▄▄▄▄▄▄▄▄▄▄▄▄▄▄▄▄▄▄
█ ▄▄▄▄▄ █▄▀ ▀████ ▄  ██▀█▄▀█▀█ █▀▀██▀█▄██▄ ▄▄ █▀█▀ █  █ ▄▄▄▄▄ █
█ █   █ █ █▄██▀█▄█▀  ██▄▀█▀██▀▄▀▄▄█▄  ▄▄▀▄ █▀▄      ▄ █ █   █ █
█ █▄▄▄█ █▄█ ▀ █▄▄█▄▄▄ ▀▀ █▄▀█ ▄▄▄ ▀▀▀ ▄ ▄▀███ ▀█ ▄  ▄██ █▄▄▄█ █
█▄▄▄▄▄▄▄█▄█ █▄█ ▀▄█▄█ █ ▀▄█▄▀ █▄█ ▀▄█ █▄▀ █▄█▄▀▄█▄▀ ▀▄█▄▄▄▄▄▄▄█
█ ▄ ▄▀█▄█ ▀█▄ █▀▄█▀▀ ▀█ ▀▀█▄▄▄   ▄█▄▀▀▀█▄  ▀▀▀██ ▀███▄▄▀▀ ▄▄▀▄█
██▀██▄ ▄▄▄▀██ ▄▄█ ▄ █▀▀▀█▀▄ ▄▀▀██▄▀ ▄▄█ ▄█▄▄█▀▄ ▀█▀▀▄█▄▄▄█  ███
█▄▀▀ ▄█▄▄█▄  █▄▀█▄█ ▀▀███▄▀████ ▀█ ▄ ▀▀▄█▀████ ▄   ▀█▄▄▄▄█▄▄▀▀█
█ █▄▄▀▀▄ █▀ █▀ █▀█▀  ▀ ▀▄ ▀▀██▀▄██▀█ ▄ █▀     ███▄ ▄ ▀▀▀  ▄▄▄██
██ ▄▀▀█▄▄▀█▄▄▀█▄▄▀▀█ █▄  ▀█ █▀ ▀▀   ▄▀▄▄ ▀ ▄█▄  ▀██▄▀ ▀█▄ ▀  ▀█
██▀▄ █ ▄▀▄ ▀▀ ▀█████▄ █▄█▀▀█▀█▄█ █    ▄   █▄▄█▀▄███ ▀▀▀███ ▄▄▄█
█  ▄▄ ▄▄  ▀  █▀ ▄▄ █ ▄▄▄▀ █▀ ▄▀▄  █▀▄▀ █▀▄ ▀▀█▄▄ ▀▄▄▄█▀▀▀███▀██
█▄▀▀▀ ▀▄▄ █ ▀▀██▀ █ ▄█▀████▄▄  ▄█ ██ ▀▀▄▄▄▀█▀▀██ ▀▄▀█▄  ▀ ▀▀▄██
█ ▄  ▀▄▄   ▄▀▄▄█ ▄ █▄▀▀▀██▀▀ █▀▄▄▀ █▄▄▀ ███▄▄█▀██▄  █▄▄███▀   █
██▀█▄██▄ █▀▀█ █▄█▀ ▀██  ▀▀▄██  ▀█ ▀█ ▀▄▄█▄ ▀█▄▀ ▀▄▀▄  ▄▄▄▄▀▄ ▀█
█▄▀ ▀ ▄▄▄ █  █▄█  █▀▀█▄▀ ▄█ ▀ ▄▄▄ █  █ ▄ ▀▀▄▄ ▀▀▀█▄▄▀ ▄▄▄ ▀ █▀█
█▄▀█▄ █▄█ ▄ ▄ ▀█▄▀█▄ █ █  █ ▀ █▄█ ▀ ▀▄▄▀▄ █▀█ ▄█   █▄ █▄█  █▄ █
██▀ █  ▄   ▀▄ ▄██ ▄██▄█▄▄▀██▄▄▄   ▀█▄██▄  ▀▀█▀ █▄▀ ██  ▄ ▄ ▄  █
█  ███▀▄ ▄█ ██▀▀▀▄▀▀▀█ ▀██ ▄██ █▄█▄  ███▄█▄▄▄▀█▄▀▀▀ ▀███  █ ▀██
█▀▄▄▀▀▄▄▀▄▀  ▄█  █  ▀▀▄▀ █ █▄▀█▄█▄██▄▄▄  ███▀█▀█▀▄▀▀ ▀▄█▀▀▀▄  █
█▀▄▀▀█▀▄█▀█▀ ▀▀█▄▄▀▀ ██▄▄▄█ ██▀▀ █  ▀▄█ ▄█ █▄ ▀█  ▄█ ▀▄▀ ▄█▄▄▀█
███▀██ ▄█▀▀▀███▄▀  ██ ▄▀█▄ █ █▀▀ █▄▀██▄█▄█▀▄▄▄▄▀█▀▄█▀██▀▄█▄▄ ▄█
█ █▀▄██▄ ▀ ▄ █▀▀▀▄ ▄▀▄▄▄█  █▄▄▄█▀▀▀▄▀▄▀▄▄▀███▄█ ▄ █ ▄▀▄ ██▀▄█▄█
██▄██ ▄▄ █▀ ▀▀ ▀██▄██▄█ ▀ ▀█▀█▄█ ▄▄█▄▄  ▄ ▄  ▀█▄▀▀ █▀▀ ██▄█████
█▀▄▄▀▄▀▄ █▄█▀▀▀▀▀▀▀█ ▀▄▄▄▀█▄█    ▄ ▀▀▄▀▄▀█▀    █  ▄ ▀ █▀ █  ▄▀█
█▄█▄▀█▄▄▄▀█    ▄██  ▄ █▄█ ▀█▄▀█ ▄▀▀█▄ ▄ ▀█▄█▄▀▀▄ ▄ ▀ ▄█▀▀▀ █▀▄█
█▀▀ ▄ ▄▄▀█▄█▀██▀ ▄██▀█▄▀▀▄█▀█ ▄▄ ▄█▀ █▀▄▄ ▀ █ █▀▄█ ▀█▄▄█▄▀▄█ ██
█▄▄▄▄██▄█▀  ▀▄▄   █▀▄▄ ▀ ▄▄ █ ▄▄▄ ▀▄▀▀▄█▀█ ▄▄  ▀▀█▄▄▀ ▄▄▄ █ ▄ █
█ ▄▄▄▄▄ ██▀ ██▀ █▀ ▀ ▀ ▀▀█▀▀▀ █▄█  █▀▄▄▀▄▀████  ▄▀▀ ▄ █▄█  █▄ █
█ █   █ █▀▄▀ ▄▀█▄▄▄ ██▄▄█  █▀  ▄▄ ▄▄▄█▄▄▄▄▀▀██ ▄██▀██    ▄▄██ █
█ █▄▄▄█ █ █▀ ▄████   ▄▀█▀▀▀█▀▄▄▀ ▄ ▀ █ █ ▄ ▄▄██▄▄▀ ██▀ ▄ ▄ ▀▄██
█▄▄▄▄▄▄▄█▄██▄███▄▄▄▄█▄████▄█▄██▄▄█▄██▄▄█▄█▄▄▄█▄▄▄▄▄███▄█▄▄▄█▄▄█

[Baileys] QR actualizado - escanea con WhatsApp
[Baileys] Desconectado, reconectando: true
